#
# There is insufficient memory for the Java Runtime Environment to continue.
# Native memory allocation (mmap) failed to map 134217728 bytes for G1 virtual space
# Possible reasons:
#   The system is out of physical RAM or swap space
#   The process is running with CompressedOops enabled, and the Java Heap may be blocking the growth of the native heap
# Possible solutions:
#   Reduce memory load on the system
#   Increase physical memory or swap space
#   Check if swap backing store is full
#   Decrease Java heap size (-Xmx/-Xms)
#   Decrease number of Java threads
#   Decrease Java thread stack sizes (-Xss)
#   Set larger code cache with -XX:ReservedCodeCacheSize=
#   JVM is running with Unscaled Compressed Oops mode in which the Java heap is
#     placed in the first 4GB address space. The Java Heap base address is the
#     maximum limit for the native heap growth. Please use -XX:HeapBaseMinAddress
#     to set the Java Heap base and to place the Java Heap above 4GB virtual address.
# This output file may be truncated or incomplete.
#
#  Out of Memory Error (os_windows.cpp:3469), pid=9460, tid=6596
#
# JRE version:  (17.0.1+12) (build )
# Java VM: OpenJDK 64-Bit Server VM (17.0.1+12, mixed mode, sharing, tiered, compressed oops, compressed class ptrs, g1 gc, windows-amd64)
# No core dump will be written. Minidumps are not enabled by default on client versions of Windows
#

---------------  S U M M A R Y ------------

Command Line: -Dfile.encoding=Cp1252 -XX:+ShowCodeDetailsInExceptionMessages Main

Host: Intel(R) Xeon(R) Gold 6254 CPU @ 3.10GHz, 4 cores, 7G,  Windows 10 , 64 bit Build 19041 (10.0.19041.5438)
Time: Thu Mar 20 15:56:16 2025 India Standard Time elapsed time: 0.021923 seconds (0d 0h 0m 0s)

---------------  T H R E A D  ---------------

Current thread (0x000001ac4b08ea50):  JavaThread "Unknown thread" [_thread_in_vm, id=6596, stack(0x0000003faad00000,0x0000003faae00000)]

Stack: [0x0000003faad00000,0x0000003faae00000]
Native frames: (J=compiled Java code, j=interpreted, Vv=VM code, C=native code)
V  [jvm.dll+0x6744da]
V  [jvm.dll+0x82e144]
V  [jvm.dll+0x82f8ee]
V  [jvm.dll+0x82ff53]
V  [jvm.dll+0x245175]
V  [jvm.dll+0x6714c9]
V  [jvm.dll+0x665f92]
V  [jvm.dll+0x303c3b]
V  [jvm.dll+0x30b176]
V  [jvm.dll+0x35af1e]
V  [jvm.dll+0x35b14f]
V  [jvm.dll+0x2dab78]
V  [jvm.dll+0x2dbae4]
V  [jvm.dll+0x7ffdf1]
V  [jvm.dll+0x368c91]
V  [jvm.dll+0x7df2cc]
V  [jvm.dll+0x3eb59f]
V  [jvm.dll+0x3ed121]
C  [jli.dll+0x5277]
C  [ucrtbase.dll+0x21bb2]
C  [KERNEL32.DLL+0x17374]
C  [ntdll.dll+0x4cc91]


---------------  P R O C E S S  ---------------

Threads class SMR info:
_java_thread_list=0x00007ffa197a4e58, length=0, elements={
}

Java Threads: ( => current thread )

Other Threads:
  0x000001ac4b0cc620 GCTaskThread "GC Thread#0" [stack: 0x0000003faae00000,0x0000003faaf00000] [id=9120]
  0x000001ac4b0dd470 ConcurrentGCThread "G1 Main Marker" [stack: 0x0000003faaf00000,0x0000003fab000000] [id=4020]
  0x000001ac4b0dea40 ConcurrentGCThread "G1 Conc#0" [stack: 0x0000003fab000000,0x0000003fab100000] [id=3016]

[error occurred during error reporting (printing all threads), id 0xc0000005, EXCEPTION_ACCESS_VIOLATION (0xc0000005) at pc=0x00007ffa18f7b5f7]

VM state: not at safepoint (not fully initialized)

VM Mutex/Monitor currently owned by a thread:  ([mutex/lock_event])
[0x000001ac4b08be90] Heap_lock - owner thread: 0x000001ac4b08ea50

Heap address: 0x0000000080000000, size: 2048 MB, Compressed Oops mode: 32-bit

CDS archive(s) mapped at: [0x0000000000000000-0x0000000000000000-0x0000000000000000), size 0, SharedBaseAddress: 0x0000000800000000, ArchiveRelocationMode: 0.
Narrow klass base: 0x0000000000000000, Narrow klass shift: 0, Narrow klass range: 0x0

GC Precious Log:
<Empty>

Heap:
 garbage-first heap   total 0K, used 0K [0x0000000080000000, 0x0000000100000000)
  region size 1024K, 0 young (0K), 0 survivors (0K)

[error occurred during error reporting (printing heap information), id 0xc0000005, EXCEPTION_ACCESS_VIOLATION (0xc0000005) at pc=0x00007ffa1935d729]

GC Heap History (0 events):
No events

Deoptimization events (0 events):
No events

Classes unloaded (0 events):
No events

Classes redefined (0 events):
No events

Internal exceptions (0 events):
No events

VM Operations (0 events):
No events

Events (1 events):
Event: 0.013 Loaded shared library C:\temp\eclipse-jee\plugins\org.eclipse.justj.openjdk.hotspot.jre.full.win32.x86_64_17.0.1.v20211116-1657\jre\bin\java.dll


Dynamic libraries:
0x00007ff697930000 - 0x00007ff69793e000 	C:\temp\eclipse-jee\plugins\org.eclipse.justj.openjdk.hotspot.jre.full.win32.x86_64_17.0.1.v20211116-1657\jre\bin\javaw.exe
0x00007ffa7c5f0000 - 0x00007ffa7c7e8000 	C:\windows\SYSTEM32\ntdll.dll
0x00007ffa7a870000 - 0x00007ffa7a932000 	C:\windows\System32\KERNEL32.DLL
0x00007ffa79df0000 - 0x00007ffa7a0ef000 	C:\windows\System32\KERNELBASE.dll
0x00007ffa7a4a0000 - 0x00007ffa7a5a0000 	C:\windows\System32\ucrtbase.dll
0x00007ffa73060000 - 0x00007ffa73078000 	C:\temp\eclipse-jee\plugins\org.eclipse.justj.openjdk.hotspot.jre.full.win32.x86_64_17.0.1.v20211116-1657\jre\bin\jli.dll
0x00007ffa72c90000 - 0x00007ffa72ca9000 	C:\temp\eclipse-jee\plugins\org.eclipse.justj.openjdk.hotspot.jre.full.win32.x86_64_17.0.1.v20211116-1657\jre\bin\VCRUNTIME140.dll
0x00007ffa7bc60000 - 0x00007ffa7bdfd000 	C:\windows\System32\USER32.dll
0x00007ffa7a180000 - 0x00007ffa7a1a2000 	C:\windows\System32\win32u.dll
0x00007ffa696c0000 - 0x00007ffa6995a000 	C:\windows\WinSxS\amd64_microsoft.windows.common-controls_6595b64144ccf1df_6.0.19041.4355_none_60b8b9eb71f62e16\COMCTL32.dll
0x00007ffa7b250000 - 0x00007ffa7b27b000 	C:\windows\System32\GDI32.dll
0x00007ffa7a690000 - 0x00007ffa7a72e000 	C:\windows\System32\msvcrt.dll
0x00007ffa7a1b0000 - 0x00007ffa7a2ca000 	C:\windows\System32\gdi32full.dll
0x00007ffa7a3b0000 - 0x00007ffa7a44d000 	C:\windows\System32\msvcp_win.dll
0x00007ffa7b280000 - 0x00007ffa7b2af000 	C:\windows\System32\IMM32.DLL
0x000001ac48e70000 - 0x000001ac48e86000 	C:\windows\System32\umppc19205.dll
0x000001ac48eb0000 - 0x000001ac48ec3000 	C:\windows\System32\CsXumd64_19205.dll
0x00007ffa79a90000 - 0x00007ffa79ac6000 	C:\windows\system32\vmwsci.dll
0x00007ffa7b240000 - 0x00007ffa7b248000 	C:\windows\System32\PSAPI.DLL
0x00007ffa74210000 - 0x00007ffa7421c000 	C:\temp\eclipse-jee\plugins\org.eclipse.justj.openjdk.hotspot.jre.full.win32.x86_64_17.0.1.v20211116-1657\jre\bin\vcruntime140_1.dll
0x00007ffa65520000 - 0x00007ffa655b1000 	C:\temp\eclipse-jee\plugins\org.eclipse.justj.openjdk.hotspot.jre.full.win32.x86_64_17.0.1.v20211116-1657\jre\bin\msvcp140.dll
0x00007ffa18c90000 - 0x00007ffa198d6000 	C:\temp\eclipse-jee\plugins\org.eclipse.justj.openjdk.hotspot.jre.full.win32.x86_64_17.0.1.v20211116-1657\jre\bin\server\jvm.dll
0x00007ffa7c500000 - 0x00007ffa7c5af000 	C:\windows\System32\ADVAPI32.dll
0x00007ffa7b2b0000 - 0x00007ffa7b34f000 	C:\windows\System32\sechost.dll
0x00007ffa7ab40000 - 0x00007ffa7ac63000 	C:\windows\System32\RPCRT4.dll
0x00007ffa7a380000 - 0x00007ffa7a3a7000 	C:\windows\System32\bcrypt.dll
0x00007ffa6c580000 - 0x00007ffa6c589000 	C:\windows\SYSTEM32\WSOCK32.dll
0x00007ffa7a800000 - 0x00007ffa7a86b000 	C:\windows\System32\WS2_32.dll
0x00007ffa6dba0000 - 0x00007ffa6dbc7000 	C:\windows\SYSTEM32\WINMM.dll
0x00007ffa789a0000 - 0x00007ffa789aa000 	C:\windows\SYSTEM32\VERSION.dll
0x00007ffa78960000 - 0x00007ffa78972000 	C:\windows\SYSTEM32\kernel.appcore.dll
0x00007ffa71d50000 - 0x00007ffa71d5a000 	C:\temp\eclipse-jee\plugins\org.eclipse.justj.openjdk.hotspot.jre.full.win32.x86_64_17.0.1.v20211116-1657\jre\bin\jimage.dll
0x00007ffa77460000 - 0x00007ffa77644000 	C:\windows\SYSTEM32\DBGHELP.DLL
0x00007ffa72020000 - 0x00007ffa72054000 	C:\windows\SYSTEM32\dbgcore.DLL
0x00007ffa7a0f0000 - 0x00007ffa7a172000 	C:\windows\System32\bcryptPrimitives.dll
0x00007ffa6eef0000 - 0x00007ffa6ef15000 	C:\temp\eclipse-jee\plugins\org.eclipse.justj.openjdk.hotspot.jre.full.win32.x86_64_17.0.1.v20211116-1657\jre\bin\java.dll

dbghelp: loaded successfully - version: 4.0.5 - missing functions: none
symbol engine: initialized successfully - sym options: 0x614 - pdb path: .;C:\temp\eclipse-jee\plugins\org.eclipse.justj.openjdk.hotspot.jre.full.win32.x86_64_17.0.1.v20211116-1657\jre\bin;C:\windows\SYSTEM32;C:\windows\WinSxS\amd64_microsoft.windows.common-controls_6595b64144ccf1df_6.0.19041.4355_none_60b8b9eb71f62e16;C:\temp\eclipse-jee\plugins\org.eclipse.justj.openjdk.hotspot.jre.full.win32.x86_64_17.0.1.v20211116-1657\jre\bin\server

VM Arguments:
jvm_args: -Dfile.encoding=Cp1252 -XX:+ShowCodeDetailsInExceptionMessages 
java_command: Main
java_class_path (initial): C:\temp\HMS_UI_Sprint1\JAVAHMS;C:\Users\2784408\Downloads\JarFiles\sqlite-jdbc-3.7.2.jar
Launcher Type: SUN_STANDARD

[Global flags]
     intx CICompilerCount                          = 3                                         {product} {ergonomic}
     uint ConcGCThreads                            = 1                                         {product} {ergonomic}
     uint G1ConcRefinementThreads                  = 4                                         {product} {ergonomic}
   size_t G1HeapRegionSize                         = 1048576                                   {product} {ergonomic}
    uintx GCDrainStackTargetSize                   = 64                                        {product} {ergonomic}
   size_t InitialHeapSize                          = 134217728                                 {product} {ergonomic}
   size_t MarkStackSize                            = 4194304                                   {product} {ergonomic}
   size_t MaxHeapSize                              = 2147483648                                {product} {ergonomic}
   size_t MinHeapDeltaBytes                        = 1048576                                   {product} {ergonomic}
   size_t MinHeapSize                              = 8388608                                   {product} {ergonomic}
    uintx NonNMethodCodeHeapSize                   = 5832780                                {pd product} {ergonomic}
    uintx NonProfiledCodeHeapSize                  = 122912730                              {pd product} {ergonomic}
    uintx ProfiledCodeHeapSize                     = 122912730                              {pd product} {ergonomic}
    uintx ReservedCodeCacheSize                    = 251658240                              {pd product} {ergonomic}
     bool SegmentedCodeCache                       = true                                      {product} {ergonomic}
     bool ShowCodeDetailsInExceptionMessages       = true                                   {manageable} {command line}
   size_t SoftMaxHeapSize                          = 2147483648                             {manageable} {ergonomic}
     bool UseCompressedClassPointers               = true                           {product lp64_product} {ergonomic}
     bool UseCompressedOops                        = true                           {product lp64_product} {ergonomic}
     bool UseG1GC                                  = true                                      {product} {ergonomic}
     bool UseLargePagesIndividualAllocation        = false                                  {pd product} {ergonomic}

Logging:
Log output configuration:
 #0: stdout all=warning uptime,level,tags
 #1: stderr all=off uptime,level,tags

Environment Variables:
JAVA_HOME=C:\Program Files\OpenLogic\jdk-17.0.12.7-hotspot\
PATH=C:/temp/eclipse-jee//plugins/org.eclipse.justj.openjdk.hotspot.jre.full.win32.x86_64_17.0.1.v20211116-1657/jre/bin/server;C:/temp/eclipse-jee//plugins/org.eclipse.justj.openjdk.hotspot.jre.full.win32.x86_64_17.0.1.v20211116-1657/jre/bin;C:\Program Files\OpenLogic\jdk-17.0.12.7-hotspot\bin;C:\Program Files\Python312\Scripts\;C:\Program Files\Python312\;C:\windows\system32;C:\windows;C:\windows\System32\Wbem;C:\windows\System32\WindowsPowerShell\v1.0\;C:\windows\System32\OpenSSH\;C:\Program Files\Git\cmd;C:\Program Files\TortoiseGit\bin;C:\temp\java-1.8.0-openjdk-1.8.0.265-3\bin;C:\temp\java-1.8.0-openjdk-1.8.0.265-3\jre\bin;C:\temp\New folder\tomcat-9.0.72\bin;C:\temp\New folder\cli-8.19.3\bin;C:\Program Files\Common Files\ThinPrint\;C:\Program Files\nodejs\;C:\temp\New folder\node_modules\.bin;C:\Program Files\Microsoft VS Code\bin;C:\Users\2784408\AppData\Local\Microsoft\WindowsApps;;C:\temp\eclipse-jee;
USERNAME=2784408
OS=Windows_NT
PROCESSOR_IDENTIFIER=Intel64 Family 6 Model 85 Stepping 7, GenuineIntel



---------------  S Y S T E M  ---------------

OS:
 Windows 10 , 64 bit Build 19041 (10.0.19041.5438)
OS uptime: 0 days 22:52 hours
VMWare virtualization detected

CPU: total 4 (initial active 4) (2 cores per cpu, 1 threads per core) family 6 model 85 stepping 7 microcode 0x5003605, cx8, cmov, fxsr, mmx, 3dnowpref, sse, sse2, sse3, ssse3, sse4.1, sse4.2, popcnt, lzcnt, tsc, tscinvbit, avx, avx2, aes, erms, clmul, bmi1, bmi2, adx, avx512f, avx512dq, avx512cd, avx512bw, avx512vl, fma, vzeroupper, avx512_vnni, clflush, clflushopt, clwb, hv

Memory: 4k page, system-wide physical 8191M (3029M free)
TotalPageFile size 8702M (AvailPageFile size 54M)
current process WorkingSet (physical memory assigned to process): 10M, peak: 10M
current process commit charge ("private bytes"): 52M, peak: 179M

vm_info: OpenJDK 64-Bit Server VM (17.0.1+12) for windows-amd64 JRE (17.0.1+12), built on Oct 20 2021 07:42:55 by "" with MS VC++ 16.7 (VS2019)

END.
